# JRE version: Java(TM) SE Runtime Environment (8.0_241-b07) (build 1.8.0_241-b07)
# Java VM: Java HotSpot(TM) 64-Bit Server VM (25.241-b07 mixed mode windows-amd64 compressed oops)
Heap:
 PSYoungGen      total 1281536K, used 1281512K [0x0000000715580000, 0x00000007c0000000, 0x00000007c0000000)
  eden space 932352K, 100% used [0x0000000715580000,0x000000074e400000,0x000000074e400000)
  from space 349184K, 99% used [0x00000007aab00000,0x00000007bfffa010,0x00000007c0000000)
  to   space 931840K, 4% used [0x000000074e400000,0x00000007509da010,0x0000000787200000)
 ParOldGen       total 5592576K, used 3631871K [0x00000005c0000000, 0x0000000715580000, 0x0000000715580000)
  object space 5592576K, 64% used [0x00000005c0000000,0x000000069dabfc78,0x0000000715580000)
 Metaspace       used 38881K, capacity 39511K, committed 39768K, reserved 1083392K
  class space    used 6326K, capacity 6488K, committed 6488K, reserved 1048576K
GC Heap History (10 events):
Event: 7.250 GC heap after
Heap after GC invocations=4 (full 2):
 PSYoungGen      total 2446848K, used 0K [0x0000000715580000, 0x00000007c0000000, 0x00000007c0000000)
  eden space 2097664K, 0% used [0x0000000715580000,0x0000000715580000,0x0000000795600000)
  from space 349184K, 0% used [0x00000007aab00000,0x00000007aab00000,0x00000007c0000000)
  to   space 349184K, 0% used [0x0000000795600000,0x0000000795600000,0x00000007aab00000)
 ParOldGen       total 5592576K, used 19724K [0x00000005c0000000, 0x0000000715580000, 0x0000000715580000)
  object space 5592576K, 0% used [0x00000005c0000000,0x00000005c1343220,0x0000000715580000)
 Metaspace       used 34846K, capacity 35287K, committed 35416K, reserved 1079296K
  class space    used 5775K, capacity 5902K, committed 5976K, reserved 1048576K
}
Event: 10.884 GC heap before
{Heap before GC invocations=5 (full 2):
 PSYoungGen      total 2446848K, used 2004404K [0x0000000715580000, 0x00000007c0000000, 0x00000007c0000000)
  eden space 2097664K, 95% used [0x0000000715580000,0x000000078faed258,0x0000000795600000)
  from space 349184K, 0% used [0x00000007aab00000,0x00000007aab00000,0x00000007c0000000)
  to   space 349184K, 0% used [0x0000000795600000,0x0000000795600000,0x00000007aab00000)
 ParOldGen       total 5592576K, used 19724K [0x00000005c0000000, 0x0000000715580000, 0x0000000715580000)
  object space 5592576K, 0% used [0x00000005c0000000,0x00000005c1343220,0x0000000715580000)
 Metaspace       used 38518K, capacity 39123K, committed 39256K, reserved 1081344K
  class space    used 6324K, capacity 6488K, committed 6488K, reserved 1048576K
Event: 11.730 GC heap after
Heap after GC invocations=5 (full 2):
 PSYoungGen      total 2446848K, used 349175K [0x0000000715580000, 0x00000007c0000000, 0x00000007c0000000)
  eden space 2097664K, 0% used [0x0000000715580000,0x0000000715580000,0x0000000795600000)
  from space 349184K, 99% used [0x0000000795600000,0x00000007aaafdfa0,0x00000007aab00000)
  to   space 349184K, 0% used [0x00000007aab00000,0x00000007aab00000,0x00000007c0000000)
 ParOldGen       total 5592576K, used 164259K [0x00000005c0000000, 0x0000000715580000, 0x0000000715580000)
  object space 5592576K, 2% used [0x00000005c0000000,0x00000005ca068e50,0x0000000715580000)
 Metaspace       used 38518K, capacity 39123K, committed 39256K, reserved 1081344K
  class space    used 6324K, capacity 6488K, committed 6488K, reserved 1048576K
}
Event: 13.682 GC heap before
{Heap before GC invocations=6 (full 2):
 PSYoungGen      total 2446848K, used 2446839K [0x0000000715580000, 0x00000007c0000000, 0x00000007c0000000)
  eden space 2097664K, 100% used [0x0000000715580000,0x0000000795600000,0x0000000795600000)
  from space 349184K, 99% used [0x0000000795600000,0x00000007aaafdfa0,0x00000007aab00000)
  to   space 349184K, 0% used [0x00000007aab00000,0x00000007aab00000,0x00000007c0000000)
 ParOldGen       total 5592576K, used 164259K [0x00000005c0000000, 0x0000000715580000, 0x0000000715580000)
  object space 5592576K, 2% used [0x00000005c0000000,0x00000005ca068e50,0x0000000715580000)
 Metaspace       used 38696K, capacity 39315K, committed 39512K, reserved 1083392K
  class space    used 6326K, capacity 6488K, committed 6488K, reserved 1048576K
Event: 16.497 GC heap after
Heap after GC invocations=6 (full 2):
 PSYoungGen      total 2446848K, used 349160K [0x0000000715580000, 0x00000007c0000000, 0x00000007c0000000)
  eden space 2097664K, 0% used [0x0000000715580000,0x0000000715580000,0x0000000795600000)
  from space 349184K, 99% used [0x00000007aab00000,0x00000007bfffa370,0x00000007c0000000)
  to   space 349184K, 0% used [0x0000000795600000,0x0000000795600000,0x00000007aab00000)
 ParOldGen       total 5592576K, used 767892K [0x00000005c0000000, 0x0000000715580000, 0x0000000715580000)
  object space 5592576K, 13% used [0x00000005c0000000,0x00000005eede51b0,0x0000000715580000)
 Metaspace       used 38696K, capacity 39315K, committed 39512K, reserved 1083392K
  class space    used 6326K, capacity 6488K, committed 6488K, reserved 1048576K
}
Event: 19.424 GC heap before
{Heap before GC invocations=7 (full 2):
 PSYoungGen      total 2446848K, used 2296457K [0x0000000715580000, 0x00000007c0000000, 0x00000007c0000000)
  eden space 2097664K, 92% used [0x0000000715580000,0x000000078c3281a8,0x0000000795600000)
  from space 349184K, 99% used [0x00000007aab00000,0x00000007bfffa370,0x00000007c0000000)
  to   space 349184K, 0% used [0x0000000795600000,0x0000000795600000,0x00000007aab00000)
 ParOldGen       total 5592576K, used 767892K [0x00000005c0000000, 0x0000000715580000, 0x0000000715580000)
  object space 5592576K, 13% used [0x00000005c0000000,0x00000005eede51b0,0x0000000715580000)
 Metaspace       used 38831K, capacity 39383K, committed 39512K, reserved 1083392K
  class space    used 6326K, capacity 6488K, committed 6488K, reserved 1048576K
Event: 21.789 GC heap after
Heap after GC invocations=7 (full 2):
 PSYoungGen      total 2446848K, used 349161K [0x0000000715580000, 0x00000007c0000000, 0x00000007c0000000)
  eden space 2097664K, 0% used [0x0000000715580000,0x0000000715580000,0x0000000795600000)
  from space 349184K, 99% used [0x0000000795600000,0x00000007aaafa518,0x00000007aab00000)
  to   space 349184K, 0% used [0x00000007aab00000,0x00000007aab00000,0x00000007c0000000)
 ParOldGen       total 5592576K, used 1507885K [0x00000005c0000000, 0x0000000715580000, 0x0000000715580000)
  object space 5592576K, 26% used [0x00000005c0000000,0x000000061c08b6e8,0x0000000715580000)
 Metaspace       used 38831K, capacity 39383K, committed 39512K, reserved 1083392K
  class space    used 6326K, capacity 6488K, committed 6488K, reserved 1048576K
}
Event: 23.948 GC heap before
{Heap before GC invocations=8 (full 2):
 PSYoungGen      total 2446848K, used 2446825K [0x0000000715580000, 0x00000007c0000000, 0x00000007c0000000)
  eden space 2097664K, 100% used [0x0000000715580000,0x0000000795600000,0x0000000795600000)
  from space 349184K, 99% used [0x0000000795600000,0x00000007aaafa518,0x00000007aab00000)
  to   space 349184K, 0% used [0x00000007aab00000,0x00000007aab00000,0x00000007c0000000)
 ParOldGen       total 5592576K, used 1507885K [0x00000005c0000000, 0x0000000715580000, 0x0000000715580000)
  object space 5592576K, 26% used [0x00000005c0000000,0x000000061c08b6e8,0x0000000715580000)
 Metaspace       used 38875K, capacity 39511K, committed 39768K, reserved 1083392K
  class space    used 6326K, capacity 6488K, committed 6488K, reserved 1048576K
Event: 29.978 GC heap after
Heap after GC invocations=8 (full 2):
 PSYoungGen      total 1281536K, used 349160K [0x0000000715580000, 0x00000007c0000000, 0x00000007c0000000)
  eden space 932352K, 0% used [0x0000000715580000,0x0000000715580000,0x000000074e400000)
  from space 349184K, 99% used [0x00000007aab00000,0x00000007bfffa010,0x00000007c0000000)
  to   space 931840K, 0% used [0x000000074e400000,0x000000074e400000,0x0000000787200000)
 ParOldGen       total 5592576K, used 2399801K [0x00000005c0000000, 0x0000000715580000, 0x0000000715580000)
  object space 5592576K, 42% used [0x00000005c0000000,0x000000065278e5f8,0x0000000715580000)
 Metaspace       used 38875K, capacity 39511K, committed 39768K, reserved 1083392K
  class space    used 6326K, capacity 6488K, committed 6488K, reserved 1048576K
}
Event: 37.420 GC heap before
{Heap before GC invocations=9 (full 2):
 PSYoungGen      total 1281536K, used 1281512K [0x0000000715580000, 0x00000007c0000000, 0x00000007c0000000)
  eden space 932352K, 100% used [0x0000000715580000,0x000000074e400000,0x000000074e400000)
  from space 349184K, 99% used [0x00000007aab00000,0x00000007bfffa010,0x00000007c0000000)
  to   space 931840K, 0% used [0x000000074e400000,0x000000074e400000,0x0000000787200000)
 ParOldGen       total 5592576K, used 3631871K [0x00000005c0000000, 0x0000000715580000, 0x0000000715580000)
  object space 5592576K, 64% used [0x00000005c0000000,0x000000069dabfc78,0x0000000715580000)
 Metaspace       used 38881K, capacity 39511K, committed 39768K, reserved 1083392K
  class space    used 6326K, capacity 6488K, committed 6488K, reserved 1048576K

