# JRE version: Java(TM) SE Runtime Environment (8.0_241-b07) (build 1.8.0_241-b07)
# Java VM: Java HotSpot(TM) 64-Bit Server VM (25.241-b07 mixed mode windows-amd64 compressed oops)
Heap:
 PSYoungGen      total 255488K, used 143958K [0x00000000d6c00000, 0x00000000e9600000, 0x0000000100000000)
  eden space 238592K, 60% used [0x00000000d6c00000,0x00000000df895a30,0x00000000e5500000)
  from space 16896K, 0% used [0x00000000e5500000,0x00000000e5500000,0x00000000e6580000)
  to   space 19968K, 0% used [0x00000000e8280000,0x00000000e8280000,0x00000000e9600000)
 ParOldGen       total 92672K, used 16942K [0x0000000084400000, 0x0000000089e80000, 0x00000000d6c00000)
  object space 92672K, 18% used [0x0000000084400000,0x000000008548b800,0x0000000089e80000)
 Metaspace       used 40777K, capacity 41389K, committed 41472K, reserved 1083392K
  class space    used 6489K, capacity 6649K, committed 6656K, reserved 1048576K
GC Heap History (10 events):
Event: 5.598 GC heap before
{Heap before GC invocations=7 (full 0):
 PSYoungGen      total 135168K, used 48327K [0x00000000d6c00000, 0x00000000dfe00000, 0x0000000100000000)
  eden space 125440K, 30% used [0x00000000d6c00000,0x00000000d91d0f90,0x00000000de680000)
  from space 9728K, 98% used [0x00000000df180000,0x00000000dfae0ef8,0x00000000dfb00000)
  to   space 11264K, 0% used [0x00000000de680000,0x00000000de680000,0x00000000df180000)
 ParOldGen       total 84992K, used 7869K [0x0000000084400000, 0x0000000089700000, 0x00000000d6c00000)
  object space 84992K, 9% used [0x0000000084400000,0x0000000084baf5a0,0x0000000089700000)
 Metaspace       used 20861K, capacity 21035K, committed 21248K, reserved 1067008K
  class space    used 3917K, capacity 3994K, committed 4096K, reserved 1048576K
Event: 5.615 GC heap after
Heap after GC invocations=7 (full 0):
 PSYoungGen      total 136704K, used 5904K [0x00000000d6c00000, 0x00000000e7600000, 0x0000000100000000)
  eden space 125440K, 0% used [0x00000000d6c00000,0x00000000d6c00000,0x00000000de680000)
  from space 11264K, 52% used [0x00000000de680000,0x00000000dec44230,0x00000000df180000)
  to   space 10752K, 0% used [0x00000000e6b80000,0x00000000e6b80000,0x00000000e7600000)
 ParOldGen       total 84992K, used 12260K [0x0000000084400000, 0x0000000089700000, 0x00000000d6c00000)
  object space 84992K, 14% used [0x0000000084400000,0x0000000084ff9010,0x0000000089700000)
 Metaspace       used 20861K, capacity 21035K, committed 21248K, reserved 1067008K
  class space    used 3917K, capacity 3994K, committed 4096K, reserved 1048576K
}
Event: 5.615 GC heap before
{Heap before GC invocations=8 (full 1):
 PSYoungGen      total 136704K, used 5904K [0x00000000d6c00000, 0x00000000e7600000, 0x0000000100000000)
  eden space 125440K, 0% used [0x00000000d6c00000,0x00000000d6c00000,0x00000000de680000)
  from space 11264K, 52% used [0x00000000de680000,0x00000000dec44230,0x00000000df180000)
  to   space 10752K, 0% used [0x00000000e6b80000,0x00000000e6b80000,0x00000000e7600000)
 ParOldGen       total 84992K, used 12260K [0x0000000084400000, 0x0000000089700000, 0x00000000d6c00000)
  object space 84992K, 14% used [0x0000000084400000,0x0000000084ff9010,0x0000000089700000)
 Metaspace       used 20861K, capacity 21035K, committed 21248K, reserved 1067008K
  class space    used 3917K, capacity 3994K, committed 4096K, reserved 1048576K
Event: 5.696 GC heap after
Heap after GC invocations=8 (full 1):
 PSYoungGen      total 136704K, used 0K [0x00000000d6c00000, 0x00000000e7600000, 0x0000000100000000)
  eden space 125440K, 0% used [0x00000000d6c00000,0x00000000d6c00000,0x00000000de680000)
  from space 11264K, 0% used [0x00000000de680000,0x00000000de680000,0x00000000df180000)
  to   space 10752K, 0% used [0x00000000e6b80000,0x00000000e6b80000,0x00000000e7600000)
 ParOldGen       total 62464K, used 11411K [0x0000000084400000, 0x0000000088100000, 0x00000000d6c00000)
  object space 62464K, 18% used [0x0000000084400000,0x0000000084f24d70,0x0000000088100000)
 Metaspace       used 20861K, capacity 21035K, committed 21248K, reserved 1067008K
  class space    used 3917K, capacity 3994K, committed 4096K, reserved 1048576K
}
Event: 6.978 GC heap before
{Heap before GC invocations=9 (full 1):
 PSYoungGen      total 136704K, used 125440K [0x00000000d6c00000, 0x00000000e7600000, 0x0000000100000000)
  eden space 125440K, 100% used [0x00000000d6c00000,0x00000000de680000,0x00000000de680000)
  from space 11264K, 0% used [0x00000000de680000,0x00000000de680000,0x00000000df180000)
  to   space 10752K, 0% used [0x00000000e6b80000,0x00000000e6b80000,0x00000000e7600000)
 ParOldGen       total 62464K, used 11411K [0x0000000084400000, 0x0000000088100000, 0x00000000d6c00000)
  object space 62464K, 18% used [0x0000000084400000,0x0000000084f24d70,0x0000000088100000)
 Metaspace       used 21687K, capacity 21867K, committed 22016K, reserved 1067008K
  class space    used 3976K, capacity 4058K, committed 4096K, reserved 1048576K
Event: 7.014 GC heap after
Heap after GC invocations=9 (full 1):
 PSYoungGen      total 209920K, used 10730K [0x00000000d6c00000, 0x00000000e7600000, 0x0000000100000000)
  eden space 199168K, 0% used [0x00000000d6c00000,0x00000000d6c00000,0x00000000e2e80000)
  from space 10752K, 99% used [0x00000000e6b80000,0x00000000e75fa800,0x00000000e7600000)
  to   space 16896K, 0% used [0x00000000e5500000,0x00000000e5500000,0x00000000e6580000)
 ParOldGen       total 62464K, used 21743K [0x0000000084400000, 0x0000000088100000, 0x00000000d6c00000)
  object space 62464K, 34% used [0x0000000084400000,0x000000008593bee8,0x0000000088100000)
 Metaspace       used 21687K, capacity 21867K, committed 22016K, reserved 1067008K
  class space    used 3976K, capacity 4058K, committed 4096K, reserved 1048576K
}
Event: 9.408 GC heap before
{Heap before GC invocations=10 (full 1):
 PSYoungGen      total 209920K, used 173699K [0x00000000d6c00000, 0x00000000e7600000, 0x0000000100000000)
  eden space 199168K, 81% used [0x00000000d6c00000,0x00000000e0b266c0,0x00000000e2e80000)
  from space 10752K, 99% used [0x00000000e6b80000,0x00000000e75fa800,0x00000000e7600000)
  to   space 16896K, 0% used [0x00000000e5500000,0x00000000e5500000,0x00000000e6580000)
 ParOldGen       total 62464K, used 21743K [0x0000000084400000, 0x0000000088100000, 0x00000000d6c00000)
  object space 62464K, 34% used [0x0000000084400000,0x000000008593bee8,0x0000000088100000)
 Metaspace       used 34775K, capacity 35261K, committed 35416K, reserved 1079296K
  class space    used 5691K, capacity 5836K, committed 5888K, reserved 1048576K
Event: 9.430 GC heap after
Heap after GC invocations=10 (full 1):
 PSYoungGen      total 255488K, used 16884K [0x00000000d6c00000, 0x00000000e9600000, 0x0000000100000000)
  eden space 238592K, 0% used [0x00000000d6c00000,0x00000000d6c00000,0x00000000e5500000)
  from space 16896K, 99% used [0x00000000e5500000,0x00000000e657d128,0x00000000e6580000)
  to   space 19968K, 0% used [0x00000000e8280000,0x00000000e8280000,0x00000000e9600000)
 ParOldGen       total 62464K, used 23305K [0x0000000084400000, 0x0000000088100000, 0x00000000d6c00000)
  object space 62464K, 37% used [0x0000000084400000,0x0000000085ac2480,0x0000000088100000)
 Metaspace       used 34775K, capacity 35261K, committed 35416K, reserved 1079296K
  class space    used 5691K, capacity 5836K, committed 5888K, reserved 1048576K
}
Event: 9.431 GC heap before
{Heap before GC invocations=11 (full 2):
 PSYoungGen      total 255488K, used 16884K [0x00000000d6c00000, 0x00000000e9600000, 0x0000000100000000)
  eden space 238592K, 0% used [0x00000000d6c00000,0x00000000d6c00000,0x00000000e5500000)
  from space 16896K, 99% used [0x00000000e5500000,0x00000000e657d128,0x00000000e6580000)
  to   space 19968K, 0% used [0x00000000e8280000,0x00000000e8280000,0x00000000e9600000)
 ParOldGen       total 62464K, used 23305K [0x0000000084400000, 0x0000000088100000, 0x00000000d6c00000)
  object space 62464K, 37% used [0x0000000084400000,0x0000000085ac2480,0x0000000088100000)
 Metaspace       used 34775K, capacity 35261K, committed 35416K, reserved 1079296K
  class space    used 5691K, capacity 5836K, committed 5888K, reserved 1048576K
Event: 9.490 GC heap after
Heap after GC invocations=11 (full 2):
 PSYoungGen      total 255488K, used 0K [0x00000000d6c00000, 0x00000000e9600000, 0x0000000100000000)
  eden space 238592K, 0% used [0x00000000d6c00000,0x00000000d6c00000,0x00000000e5500000)
  from space 16896K, 0% used [0x00000000e5500000,0x00000000e5500000,0x00000000e6580000)
  to   space 19968K, 0% used [0x00000000e8280000,0x00000000e8280000,0x00000000e9600000)
 ParOldGen       total 92672K, used 16942K [0x0000000084400000, 0x0000000089e80000, 0x00000000d6c00000)
  object space 92672K, 18% used [0x0000000084400000,0x000000008548b800,0x0000000089e80000)
 Metaspace       used 34775K, capacity 35261K, committed 35416K, reserved 1079296K
  class space    used 5691K, capacity 5836K, committed 5888K, reserved 1048576K
}

